cl : wiersz polecenia  warning D9035: Opcja "Gm" jest przestarzała i będzie usunięta w przyszłych wydaniach
  main.cpp
C:\Users\student\Documents\198381\wirtualne_zespoly_robocze\server\main.cpp(19,11): warning C4996: 'fopen': This function or variable may be unsafe. Consider using fopen_s instead. To disable deprecation, use _CRT_SECURE_NO_WARNINGS. See online help for details.
C:\Users\student\Documents\198381\wirtualne_zespoly_robocze\server\main.cpp(105,15): warning C4018: ">=": niezgodność typu ze znakiem/bez znaku
C:\Users\student\Documents\198381\wirtualne_zespoly_robocze\server\main.cpp(209,39): warning C4244: "=": konwersja z "double" do "float", możliwa utrata danych
C:\Users\student\Documents\198381\wirtualne_zespoly_robocze\server\main.cpp(211,3): warning C4996: 'sprintf': This function or variable may be unsafe. Consider using sprintf_s instead. To disable deprecation, use _CRT_SECURE_NO_WARNINGS. See online help for details.
C:\Users\student\Documents\198381\wirtualne_zespoly_robocze\server\main.cpp(257,2): warning C4996: 'freopen': This function or variable may be unsafe. Consider using freopen_s instead. To disable deprecation, use _CRT_SECURE_NO_WARNINGS. See online help for details.
C:\Users\student\Documents\198381\wirtualne_zespoly_robocze\server\main.cpp(258,2): warning C4996: 'freopen': This function or variable may be unsafe. Consider using freopen_s instead. To disable deprecation, use _CRT_SECURE_NO_WARNINGS. See online help for details.
C:\Users\student\Documents\198381\wirtualne_zespoly_robocze\server\main.cpp(502,50): warning C4244: "=": konwersja z "double" do "float", możliwa utrata danych
C:\Users\student\Documents\198381\wirtualne_zespoly_robocze\server\main.cpp(565,60): warning C4305: "/=": obcięcie z "double" do "float"
C:\Users\student\Documents\198381\wirtualne_zespoly_robocze\server\main.cpp(572,58): warning C4305: "*=": obcięcie z "double" do "float"
C:\Users\student\Documents\198381\wirtualne_zespoly_robocze\server\main.cpp(598,32): warning C4305: "+=": obcięcie z "double" do "float"
C:\Users\student\Documents\198381\wirtualne_zespoly_robocze\server\main.cpp(603,32): warning C4305: "-=": obcięcie z "double" do "float"
C:\Users\student\Documents\198381\wirtualne_zespoly_robocze\server\main.cpp(624,20): warning C4305: "/=": obcięcie z "double" do "float"
C:\Users\student\Documents\198381\wirtualne_zespoly_robocze\server\main.cpp(632,20): warning C4305: "*=": obcięcie z "double" do "float"
C:\Users\student\Documents\198381\wirtualne_zespoly_robocze\server\main.cpp(689,4): warning C4996: 'strcpy': This function or variable may be unsafe. Consider using strcpy_s instead. To disable deprecation, use _CRT_SECURE_NO_WARNINGS. See online help for details.
C:\Users\student\Documents\198381\wirtualne_zespoly_robocze\server\main.cpp(690,4): warning C4996: 'strcat': This function or variable may be unsafe. Consider using strcat_s instead. To disable deprecation, use _CRT_SECURE_NO_WARNINGS. See online help for details.
C:\Users\student\Documents\198381\wirtualne_zespoly_robocze\server\main.cpp(691,4): warning C4996: 'strcat': This function or variable may be unsafe. Consider using strcat_s instead. To disable deprecation, use _CRT_SECURE_NO_WARNINGS. See online help for details.
C:\Users\student\Documents\198381\wirtualne_zespoly_robocze\server\main.cpp(695,5): warning C4996: 'strcpy': This function or variable may be unsafe. Consider using strcpy_s instead. To disable deprecation, use _CRT_SECURE_NO_WARNINGS. See online help for details.
C:\Users\student\Documents\198381\wirtualne_zespoly_robocze\server\main.cpp(696,5): warning C4996: 'strcat': This function or variable may be unsafe. Consider using strcat_s instead. To disable deprecation, use _CRT_SECURE_NO_WARNINGS. See online help for details.
C:\Users\student\Documents\198381\wirtualne_zespoly_robocze\server\main.cpp(697,5): warning C4996: 'strcat': This function or variable may be unsafe. Consider using strcat_s instead. To disable deprecation, use _CRT_SECURE_NO_WARNINGS. See online help for details.
C:\Users\student\Documents\198381\wirtualne_zespoly_robocze\server\main.cpp(703,6): warning C4996: 'strcat': This function or variable may be unsafe. Consider using strcat_s instead. To disable deprecation, use _CRT_SECURE_NO_WARNINGS. See online help for details.
C:\Users\student\Documents\198381\wirtualne_zespoly_robocze\server\main.cpp(771,1): warning C4715: "WndProc”: niewszystkie ścieżki kodu zwracają wartość
  wzr_vis.vcxproj -> C:\Users\student\Documents\198381\wirtualne_zespoly_robocze\server\Debug\wzr_vis.exe
